# JRE version: OpenJDK Runtime Environment (8.0_242-b01) (build 1.8.0_242-release-1644-b01)
# Java VM: OpenJDK 64-Bit Server VM (25.242-b01 mixed mode windows-amd64 compressed oops)
Heap:
 PSYoungGen      total 401920K, used 272099K [0x00000000e0000000, 0x00000000faa00000, 0x0000000100000000)
  eden space 369152K, 67% used [0x00000000e0000000,0x00000000ef3c5a18,0x00000000f6880000)
  from space 32768K, 68% used [0x00000000f6880000,0x00000000f7e73430,0x00000000f8880000)
  to   space 30720K, 0% used [0x00000000f8880000,0x00000000f8880000,0x00000000fa680000)
 ParOldGen       total 108032K, used 62453K [0x00000000a0000000, 0x00000000a6980000, 0x00000000e0000000)
  object space 108032K, 57% used [0x00000000a0000000,0x00000000a3cfd490,0x00000000a6980000)
 Metaspace       used 90604K, capacity 95746K, committed 95768K, reserved 1132544K
  class space    used 12064K, capacity 13067K, committed 13088K, reserved 1048576K
GC Heap History (10 events):
Event: 18.599 GC heap before
{Heap before GC invocations=16 (full 3):
 PSYoungGen      total 241152K, used 218624K [0x00000000e0000000, 0x00000000f1000000, 0x0000000100000000)
  eden space 218624K, 100% used [0x00000000e0000000,0x00000000ed580000,0x00000000ed580000)
  from space 22528K, 0% used [0x00000000eec00000,0x00000000eec00000,0x00000000f0200000)
  to   space 23040K, 0% used [0x00000000ed580000,0x00000000ed580000,0x00000000eec00000)
 ParOldGen       total 108032K, used 33416K [0x00000000a0000000, 0x00000000a6980000, 0x00000000e0000000)
  object space 108032K, 30% used [0x00000000a0000000,0x00000000a20a2048,0x00000000a6980000)
 Metaspace       used 62389K, capacity 65178K, committed 65304K, reserved 1105920K
  class space    used 8571K, capacity 9157K, committed 9248K, reserved 1048576K
Event: 18.611 GC heap after
Heap after GC invocations=16 (full 3):
 PSYoungGen      total 241664K, used 19484K [0x00000000e0000000, 0x00000000f5480000, 0x0000000100000000)
  eden space 218624K, 0% used [0x00000000e0000000,0x00000000e0000000,0x00000000ed580000)
  from space 23040K, 84% used [0x00000000ed580000,0x00000000ee887378,0x00000000eec00000)
  to   space 25600K, 0% used [0x00000000f3b80000,0x00000000f3b80000,0x00000000f5480000)
 ParOldGen       total 108032K, used 33424K [0x00000000a0000000, 0x00000000a6980000, 0x00000000e0000000)
  object space 108032K, 30% used [0x00000000a0000000,0x00000000a20a4048,0x00000000a6980000)
 Metaspace       used 62389K, capacity 65178K, committed 65304K, reserved 1105920K
  class space    used 8571K, capacity 9157K, committed 9248K, reserved 1048576K
}
Event: 26.861 GC heap before
{Heap before GC invocations=17 (full 3):
 PSYoungGen      total 241664K, used 238108K [0x00000000e0000000, 0x00000000f5480000, 0x0000000100000000)
  eden space 218624K, 100% used [0x00000000e0000000,0x00000000ed580000,0x00000000ed580000)
  from space 23040K, 84% used [0x00000000ed580000,0x00000000ee887378,0x00000000eec00000)
  to   space 25600K, 0% used [0x00000000f3b80000,0x00000000f3b80000,0x00000000f5480000)
 ParOldGen       total 108032K, used 33424K [0x00000000a0000000, 0x00000000a6980000, 0x00000000e0000000)
  object space 108032K, 30% used [0x00000000a0000000,0x00000000a20a4048,0x00000000a6980000)
 Metaspace       used 69521K, capacity 72606K, committed 72856K, reserved 1112064K
  class space    used 9463K, capacity 10097K, committed 10144K, reserved 1048576K
Event: 26.889 GC heap after
Heap after GC invocations=17 (full 3):
 PSYoungGen      total 311808K, used 20417K [0x00000000e0000000, 0x00000000f5100000, 0x0000000100000000)
  eden space 289792K, 0% used [0x00000000e0000000,0x00000000e0000000,0x00000000f1b00000)
  from space 22016K, 92% used [0x00000000f3b80000,0x00000000f4f70608,0x00000000f5100000)
  to   space 27648K, 0% used [0x00000000f1b00000,0x00000000f1b00000,0x00000000f3600000)
 ParOldGen       total 108032K, used 49168K [0x00000000a0000000, 0x00000000a6980000, 0x00000000e0000000)
  object space 108032K, 45% used [0x00000000a0000000,0x00000000a30043b0,0x00000000a6980000)
 Metaspace       used 69521K, capacity 72606K, committed 72856K, reserved 1112064K
  class space    used 9463K, capacity 10097K, committed 10144K, reserved 1048576K
}
Event: 212.587 GC heap before
{Heap before GC invocations=18 (full 3):
 PSYoungGen      total 311808K, used 310209K [0x00000000e0000000, 0x00000000f5100000, 0x0000000100000000)
  eden space 289792K, 100% used [0x00000000e0000000,0x00000000f1b00000,0x00000000f1b00000)
  from space 22016K, 92% used [0x00000000f3b80000,0x00000000f4f70608,0x00000000f5100000)
  to   space 27648K, 0% used [0x00000000f1b00000,0x00000000f1b00000,0x00000000f3600000)
 ParOldGen       total 108032K, used 49168K [0x00000000a0000000, 0x00000000a6980000, 0x00000000e0000000)
  object space 108032K, 45% used [0x00000000a0000000,0x00000000a30043b0,0x00000000a6980000)
 Metaspace       used 88160K, capacity 92660K, committed 92824K, reserved 1128448K
  class space    used 11973K, capacity 12878K, committed 12960K, reserved 1048576K
Event: 212.630 GC heap after
Heap after GC invocations=18 (full 3):
 PSYoungGen      total 317440K, used 23983K [0x00000000e0000000, 0x00000000fa680000, 0x0000000100000000)
  eden space 289792K, 0% used [0x00000000e0000000,0x00000000e0000000,0x00000000f1b00000)
  from space 27648K, 86% used [0x00000000f1b00000,0x00000000f326bd28,0x00000000f3600000)
  to   space 30720K, 0% used [0x00000000f8880000,0x00000000f8880000,0x00000000fa680000)
 ParOldGen       total 108032K, used 62437K [0x00000000a0000000, 0x00000000a6980000, 0x00000000e0000000)
  object space 108032K, 57% used [0x00000000a0000000,0x00000000a3cf9490,0x00000000a6980000)
 Metaspace       used 88160K, capacity 92660K, committed 92824K, reserved 1128448K
  class space    used 11973K, capacity 12878K, committed 12960K, reserved 1048576K
}
Event: 216.190 GC heap before
{Heap before GC invocations=19 (full 3):
 PSYoungGen      total 317440K, used 313775K [0x00000000e0000000, 0x00000000fa680000, 0x0000000100000000)
  eden space 289792K, 100% used [0x00000000e0000000,0x00000000f1b00000,0x00000000f1b00000)
  from space 27648K, 86% used [0x00000000f1b00000,0x00000000f326bd28,0x00000000f3600000)
  to   space 30720K, 0% used [0x00000000f8880000,0x00000000f8880000,0x00000000fa680000)
 ParOldGen       total 108032K, used 62437K [0x00000000a0000000, 0x00000000a6980000, 0x00000000e0000000)
  object space 108032K, 57% used [0x00000000a0000000,0x00000000a3cf9490,0x00000000a6980000)
 Metaspace       used 88985K, capacity 93550K, committed 93848K, reserved 1130496K
  class space    used 11986K, capacity 12895K, committed 12960K, reserved 1048576K
Event: 216.235 GC heap after
Heap after GC invocations=19 (full 3):
 PSYoungGen      total 399872K, used 23036K [0x00000000e0000000, 0x00000000faa00000, 0x0000000100000000)
  eden space 369152K, 0% used [0x00000000e0000000,0x00000000e0000000,0x00000000f6880000)
  from space 30720K, 74% used [0x00000000f8880000,0x00000000f9eff100,0x00000000fa680000)
  to   space 32768K, 0% used [0x00000000f6880000,0x00000000f6880000,0x00000000f8880000)
 ParOldGen       total 108032K, used 62445K [0x00000000a0000000, 0x00000000a6980000, 0x00000000e0000000)
  object space 108032K, 57% used [0x00000000a0000000,0x00000000a3cfb490,0x00000000a6980000)
 Metaspace       used 88985K, capacity 93550K, committed 93848K, reserved 1130496K
  class space    used 11986K, capacity 12895K, committed 12960K, reserved 1048576K
}
Event: 431.314 GC heap before
{Heap before GC invocations=20 (full 3):
 PSYoungGen      total 399872K, used 392188K [0x00000000e0000000, 0x00000000faa00000, 0x0000000100000000)
  eden space 369152K, 100% used [0x00000000e0000000,0x00000000f6880000,0x00000000f6880000)
  from space 30720K, 74% used [0x00000000f8880000,0x00000000f9eff100,0x00000000fa680000)
  to   space 32768K, 0% used [0x00000000f6880000,0x00000000f6880000,0x00000000f8880000)
 ParOldGen       total 108032K, used 62445K [0x00000000a0000000, 0x00000000a6980000, 0x00000000e0000000)
  object space 108032K, 57% used [0x00000000a0000000,0x00000000a3cfb490,0x00000000a6980000)
 Metaspace       used 90250K, capacity 95252K, committed 95512K, reserved 1132544K
  class space    used 12050K, capacity 13014K, committed 13088K, reserved 1048576K
Event: 431.334 GC heap after
Heap after GC invocations=20 (full 3):
 PSYoungGen      total 401920K, used 22477K [0x00000000e0000000, 0x00000000faa00000, 0x0000000100000000)
  eden space 369152K, 0% used [0x00000000e0000000,0x00000000e0000000,0x00000000f6880000)
  from space 32768K, 68% used [0x00000000f6880000,0x00000000f7e73430,0x00000000f8880000)
  to   space 30720K, 0% used [0x00000000f8880000,0x00000000f8880000,0x00000000fa680000)
 ParOldGen       total 108032K, used 62453K [0x00000000a0000000, 0x00000000a6980000, 0x00000000e0000000)
  object space 108032K, 57% used [0x00000000a0000000,0x00000000a3cfd490,0x00000000a6980000)
 Metaspace       used 90250K, capacity 95252K, committed 95512K, reserved 1132544K
  class space    used 12050K, capacity 13014K, committed 13088K, reserved 1048576K
}

