# JRE version: OpenJDK Runtime Environment (8.0_242-b01) (build 1.8.0_242-release-1644-b01)
# Java VM: OpenJDK 64-Bit Server VM (25.242-b01 mixed mode windows-amd64 compressed oops)
Heap:
 PSYoungGen      total 352256K, used 329504K [0x00000000e0000000, 0x00000000f7c00000, 0x0000000100000000)
  eden space 315392K, 94% used [0x00000000e0000000,0x00000000f21b5518,0x00000000f3400000)
  from space 36864K, 89% used [0x00000000f3400000,0x00000000f5412db8,0x00000000f5800000)
  to   space 28160K, 0% used [0x00000000f5800000,0x00000000f5800000,0x00000000f7380000)
 ParOldGen       total 134656K, used 75157K [0x00000000a0000000, 0x00000000a8380000, 0x00000000e0000000)
  object space 134656K, 55% used [0x00000000a0000000,0x00000000a4965798,0x00000000a8380000)
 Metaspace       used 90013K, capacity 95404K, committed 95656K, reserved 1132544K
  class space    used 12161K, capacity 13196K, committed 13232K, reserved 1048576K
GC Heap History (10 events):
Event: 5.948 GC heap before
{Heap before GC invocations=12 (full 2):
 PSYoungGen      total 236544K, used 96726K [0x00000000e0000000, 0x00000000f3a00000, 0x0000000100000000)
  eden space 222208K, 37% used [0x00000000e0000000,0x00000000e507d108,0x00000000ed900000)
  from space 14336K, 99% used [0x00000000ed900000,0x00000000ee6f8af0,0x00000000ee700000)
  to   space 21504K, 0% used [0x00000000f2500000,0x00000000f2500000,0x00000000f3a00000)
 ParOldGen       total 85504K, used 27902K [0x00000000a0000000, 0x00000000a5380000, 0x00000000e0000000)
  object space 85504K, 32% used [0x00000000a0000000,0x00000000a1b3fa90,0x00000000a5380000)
 Metaspace       used 56908K, capacity 59034K, committed 59160K, reserved 1099776K
  class space    used 7841K, capacity 8329K, committed 8368K, reserved 1048576K
Event: 5.961 GC heap after
Heap after GC invocations=12 (full 2):
 PSYoungGen      total 296448K, used 21490K [0x00000000e0000000, 0x00000000f4200000, 0x0000000100000000)
  eden space 274944K, 0% used [0x00000000e0000000,0x00000000e0000000,0x00000000f0c80000)
  from space 21504K, 99% used [0x00000000f2500000,0x00000000f39fcad0,0x00000000f3a00000)
  to   space 25088K, 0% used [0x00000000f0c80000,0x00000000f0c80000,0x00000000f2500000)
 ParOldGen       total 85504K, used 29516K [0x00000000a0000000, 0x00000000a5380000, 0x00000000e0000000)
  object space 85504K, 34% used [0x00000000a0000000,0x00000000a1cd31f8,0x00000000a5380000)
 Metaspace       used 56908K, capacity 59034K, committed 59160K, reserved 1099776K
  class space    used 7841K, capacity 8329K, committed 8368K, reserved 1048576K
}
Event: 5.961 GC heap before
{Heap before GC invocations=13 (full 3):
 PSYoungGen      total 296448K, used 21490K [0x00000000e0000000, 0x00000000f4200000, 0x0000000100000000)
  eden space 274944K, 0% used [0x00000000e0000000,0x00000000e0000000,0x00000000f0c80000)
  from space 21504K, 99% used [0x00000000f2500000,0x00000000f39fcad0,0x00000000f3a00000)
  to   space 25088K, 0% used [0x00000000f0c80000,0x00000000f0c80000,0x00000000f2500000)
 ParOldGen       total 85504K, used 29516K [0x00000000a0000000, 0x00000000a5380000, 0x00000000e0000000)
  object space 85504K, 34% used [0x00000000a0000000,0x00000000a1cd31f8,0x00000000a5380000)
 Metaspace       used 56908K, capacity 59034K, committed 59160K, reserved 1099776K
  class space    used 7841K, capacity 8329K, committed 8368K, reserved 1048576K
Event: 6.130 GC heap after
Heap after GC invocations=13 (full 3):
 PSYoungGen      total 296448K, used 0K [0x00000000e0000000, 0x00000000f4200000, 0x0000000100000000)
  eden space 274944K, 0% used [0x00000000e0000000,0x00000000e0000000,0x00000000f0c80000)
  from space 21504K, 0% used [0x00000000f2500000,0x00000000f2500000,0x00000000f3a00000)
  to   space 25088K, 0% used [0x00000000f0c80000,0x00000000f0c80000,0x00000000f2500000)
 ParOldGen       total 134656K, used 36299K [0x00000000a0000000, 0x00000000a8380000, 0x00000000e0000000)
  object space 134656K, 26% used [0x00000000a0000000,0x00000000a2372f78,0x00000000a8380000)
 Metaspace       used 56868K, capacity 58896K, committed 59160K, reserved 1099776K
  class space    used 7828K, capacity 8306K, committed 8368K, reserved 1048576K
}
Event: 8.070 GC heap before
{Heap before GC invocations=14 (full 3):
 PSYoungGen      total 296448K, used 274944K [0x00000000e0000000, 0x00000000f4200000, 0x0000000100000000)
  eden space 274944K, 100% used [0x00000000e0000000,0x00000000f0c80000,0x00000000f0c80000)
  from space 21504K, 0% used [0x00000000f2500000,0x00000000f2500000,0x00000000f3a00000)
  to   space 25088K, 0% used [0x00000000f0c80000,0x00000000f0c80000,0x00000000f2500000)
 ParOldGen       total 134656K, used 36299K [0x00000000a0000000, 0x00000000a8380000, 0x00000000e0000000)
  object space 134656K, 26% used [0x00000000a0000000,0x00000000a2372f78,0x00000000a8380000)
 Metaspace       used 63075K, capacity 66600K, committed 66856K, reserved 1105920K
  class space    used 8738K, capacity 9446K, committed 9520K, reserved 1048576K
Event: 8.084 GC heap after
Heap after GC invocations=14 (full 3):
 PSYoungGen      total 300032K, used 22456K [0x00000000e0000000, 0x00000000f7380000, 0x0000000100000000)
  eden space 274944K, 0% used [0x00000000e0000000,0x00000000e0000000,0x00000000f0c80000)
  from space 25088K, 89% used [0x00000000f0c80000,0x00000000f226e178,0x00000000f2500000)
  to   space 28160K, 0% used [0x00000000f5800000,0x00000000f5800000,0x00000000f7380000)
 ParOldGen       total 134656K, used 36307K [0x00000000a0000000, 0x00000000a8380000, 0x00000000e0000000)
  object space 134656K, 26% used [0x00000000a0000000,0x00000000a2374f78,0x00000000a8380000)
 Metaspace       used 63075K, capacity 66600K, committed 66856K, reserved 1105920K
  class space    used 8738K, capacity 9446K, committed 9520K, reserved 1048576K
}
Event: 29.625 GC heap before
{Heap before GC invocations=15 (full 3):
 PSYoungGen      total 300032K, used 297164K [0x00000000e0000000, 0x00000000f7380000, 0x0000000100000000)
  eden space 274944K, 99% used [0x00000000e0000000,0x00000000f0c451b8,0x00000000f0c80000)
  from space 25088K, 89% used [0x00000000f0c80000,0x00000000f226e178,0x00000000f2500000)
  to   space 28160K, 0% used [0x00000000f5800000,0x00000000f5800000,0x00000000f7380000)
 ParOldGen       total 134656K, used 36307K [0x00000000a0000000, 0x00000000a8380000, 0x00000000e0000000)
  object space 134656K, 26% used [0x00000000a0000000,0x00000000a2374f78,0x00000000a8380000)
 Metaspace       used 71870K, capacity 75768K, committed 76072K, reserved 1114112K
  class space    used 9669K, capacity 10462K, committed 10544K, reserved 1048576K
Event: 29.645 GC heap after
Heap after GC invocations=15 (full 3):
 PSYoungGen      total 343552K, used 28130K [0x00000000e0000000, 0x00000000f7c00000, 0x0000000100000000)
  eden space 315392K, 0% used [0x00000000e0000000,0x00000000e0000000,0x00000000f3400000)
  from space 28160K, 99% used [0x00000000f5800000,0x00000000f7378800,0x00000000f7380000)
  to   space 36864K, 0% used [0x00000000f3400000,0x00000000f3400000,0x00000000f5800000)
 ParOldGen       total 134656K, used 48691K [0x00000000a0000000, 0x00000000a8380000, 0x00000000e0000000)
  object space 134656K, 36% used [0x00000000a0000000,0x00000000a2f8cc58,0x00000000a8380000)
 Metaspace       used 71870K, capacity 75768K, committed 76072K, reserved 1114112K
  class space    used 9669K, capacity 10462K, committed 10544K, reserved 1048576K
}
Event: 32.475 GC heap before
{Heap before GC invocations=16 (full 3):
 PSYoungGen      total 343552K, used 338278K [0x00000000e0000000, 0x00000000f7c00000, 0x0000000100000000)
  eden space 315392K, 98% used [0x00000000e0000000,0x00000000f2ee11b0,0x00000000f3400000)
  from space 28160K, 99% used [0x00000000f5800000,0x00000000f7378800,0x00000000f7380000)
  to   space 36864K, 0% used [0x00000000f3400000,0x00000000f3400000,0x00000000f5800000)
 ParOldGen       total 134656K, used 48691K [0x00000000a0000000, 0x00000000a8380000, 0x00000000e0000000)
  object space 134656K, 36% used [0x00000000a0000000,0x00000000a2f8cc58,0x00000000a8380000)
 Metaspace       used 86755K, capacity 91666K, committed 91816K, reserved 1128448K
  class space    used 11674K, capacity 12643K, committed 12720K, reserved 1048576K
Event: 32.513 GC heap after
Heap after GC invocations=16 (full 3):
 PSYoungGen      total 352256K, used 32843K [0x00000000e0000000, 0x00000000f7c00000, 0x0000000100000000)
  eden space 315392K, 0% used [0x00000000e0000000,0x00000000e0000000,0x00000000f3400000)
  from space 36864K, 89% used [0x00000000f3400000,0x00000000f5412db8,0x00000000f5800000)
  to   space 28160K, 0% used [0x00000000f5800000,0x00000000f5800000,0x00000000f7380000)
 ParOldGen       total 134656K, used 75157K [0x00000000a0000000, 0x00000000a8380000, 0x00000000e0000000)
  object space 134656K, 55% used [0x00000000a0000000,0x00000000a4965798,0x00000000a8380000)
 Metaspace       used 86755K, capacity 91666K, committed 91816K, reserved 1128448K
  class space    used 11674K, capacity 12643K, committed 12720K, reserved 1048576K
}

